Performing C SOURCE FILE Test CMAKE_HAVE_LIBC_PTHREAD failed with the following output:
Change Dir: /home/jjaouen/projects/scop_42/Contents/Resources/GLFW-3.3.2/glfw-3.3.2/CMakeFiles/CMakeTmp

Run Build Command(s):/bin/make cmTC_829b2/fast && make[1]: Entering directory '/home/jjaouen/projects/scop_42/Contents/Resources/GLFW-3.3.2/glfw-3.3.2/CMakeFiles/CMakeTmp'
/bin/make -f CMakeFiles/cmTC_829b2.dir/build.make CMakeFiles/cmTC_829b2.dir/build
make[2]: Entering directory '/home/jjaouen/projects/scop_42/Contents/Resources/GLFW-3.3.2/glfw-3.3.2/CMakeFiles/CMakeTmp'
Building C object CMakeFiles/cmTC_829b2.dir/src.c.o
/bin/cc   -DCMAKE_HAVE_LIBC_PTHREAD   -o CMakeFiles/cmTC_829b2.dir/src.c.o   -c /home/jjaouen/projects/scop_42/Contents/Resources/GLFW-3.3.2/glfw-3.3.2/CMakeFiles/CMakeTmp/src.c
Linking C executable cmTC_829b2
/usr/bin/cmake -E cmake_link_script CMakeFiles/cmTC_829b2.dir/link.txt --verbose=1
/bin/cc  -DCMAKE_HAVE_LIBC_PTHREAD    -rdynamic CMakeFiles/cmTC_829b2.dir/src.c.o  -o cmTC_829b2 
/bin/ld: CMakeFiles/cmTC_829b2.dir/src.c.o: in function `main':
src.c:(.text+0x46): undefined reference to `pthread_create'
/bin/ld: src.c:(.text+0x52): undefined reference to `pthread_detach'
/bin/ld: src.c:(.text+0x63): undefined reference to `pthread_join'
collect2: error: ld returned 1 exit status
make[2]: *** [CMakeFiles/cmTC_829b2.dir/build.make:87: cmTC_829b2] Error 1
make[2]: Leaving directory '/home/jjaouen/projects/scop_42/Contents/Resources/GLFW-3.3.2/glfw-3.3.2/CMakeFiles/CMakeTmp'
make[1]: *** [Makefile:121: cmTC_829b2/fast] Error 2
make[1]: Leaving directory '/home/jjaouen/projects/scop_42/Contents/Resources/GLFW-3.3.2/glfw-3.3.2/CMakeFiles/CMakeTmp'


Source file was:
#include <pthread.h>

void* test_func(void* data)
{
  return data;
}

int main(void)
{
  pthread_t thread;
  pthread_create(&thread, NULL, test_func, NULL);
  pthread_detach(thread);
  pthread_join(thread, NULL);
  pthread_atfork(NULL, NULL, NULL);
  pthread_exit(NULL);

  return 0;
}

Determining if the function pthread_create exists in the pthreads failed with the following output:
Change Dir: /home/jjaouen/projects/scop_42/Contents/Resources/GLFW-3.3.2/glfw-3.3.2/CMakeFiles/CMakeTmp

Run Build Command(s):/bin/make cmTC_4cb42/fast && make[1]: Entering directory '/home/jjaouen/projects/scop_42/Contents/Resources/GLFW-3.3.2/glfw-3.3.2/CMakeFiles/CMakeTmp'
/bin/make -f CMakeFiles/cmTC_4cb42.dir/build.make CMakeFiles/cmTC_4cb42.dir/build
make[2]: Entering directory '/home/jjaouen/projects/scop_42/Contents/Resources/GLFW-3.3.2/glfw-3.3.2/CMakeFiles/CMakeTmp'
Building C object CMakeFiles/cmTC_4cb42.dir/CheckFunctionExists.c.o
/bin/cc   -DCHECK_FUNCTION_EXISTS=pthread_create   -o CMakeFiles/cmTC_4cb42.dir/CheckFunctionExists.c.o   -c /usr/share/cmake-3.16/Modules/CheckFunctionExists.c
Linking C executable cmTC_4cb42
/usr/bin/cmake -E cmake_link_script CMakeFiles/cmTC_4cb42.dir/link.txt --verbose=1
/bin/cc  -DCHECK_FUNCTION_EXISTS=pthread_create    -rdynamic CMakeFiles/cmTC_4cb42.dir/CheckFunctionExists.c.o  -o cmTC_4cb42  -lpthreads 
/bin/ld: cannot find -lpthreads
collect2: error: ld returned 1 exit status
make[2]: *** [CMakeFiles/cmTC_4cb42.dir/build.make:87: cmTC_4cb42] Error 1
make[2]: Leaving directory '/home/jjaouen/projects/scop_42/Contents/Resources/GLFW-3.3.2/glfw-3.3.2/CMakeFiles/CMakeTmp'
make[1]: *** [Makefile:121: cmTC_4cb42/fast] Error 2
make[1]: Leaving directory '/home/jjaouen/projects/scop_42/Contents/Resources/GLFW-3.3.2/glfw-3.3.2/CMakeFiles/CMakeTmp'



